<?xml version="1.0" encoding="UTF-8"?>
<testng-results ignored="0" total="1" passed="1" failed="0" skipped="0">
  <reporter-output>
  </reporter-output>
  <suite started-at="2022-11-12T16:37:48 GST" name="Default suite" finished-at="2022-11-12T16:37:52 GST" duration-ms="3290">
    <groups>
    </groups>
    <test started-at="2022-11-12T16:37:48 GST" name="Default test" finished-at="2022-11-12T16:37:52 GST" duration-ms="3290">
      <class name="AssignmentTest">
        <test-method signature="test()[pri:0, instance:AssignmentTest@4d465b11]" started-at="2022-11-12T16:37:48 GST" name="test" finished-at="2022-11-12T16:37:52 GST" duration-ms="3267" status="PASS">
          <reporter-output>
          </reporter-output>
        </test-method> <!-- test -->
      </class> <!-- AssignmentTest -->
    </test> <!-- Default test -->
  </suite> <!-- Default suite -->
</testng-results>
